<?xml version="1.0"?>
<coverage line-rate="0.6" branch-rate="0" version="1.9" timestamp="1700000000">
  <packages>
    <package name="app" line-rate="0.6" branch-rate="0">
      <classes>
        <class name="module_a" filename="module_a.py" line-rate="0.6" branch-rate="0">
          <lines>
            <line number="1" hits="1"/>
            <line number="2" hits="0"/>
            <line number="3" hits="2"/>
          </lines>
        </class>
        <class name="module_b" filename="module_b.py" line-rate="1.0" branch-rate="0">
          <lines>
            <line number="10" hits="1"/>
          </lines>
        </class>
      </classes>
    </package>
  </packages>
</coverage>
